<?xml version="1.0" encoding="UTF-8"?>
<!-- Generated by org.testng.reporters.JUnitReportReporter -->
<testsuite hostname="ChannakeshavaReddy" failures="0" tests="1" name="channa.Reddy" time="0.035" errors="0" timestamp="2024-07-15T16:07:46 IST" skipped="0">
  <testcase classname="channa.Reddy" name="Channa" time="0.035"/>
</testsuite> <!-- channa.Reddy -->
