<?xml version="1.0" encoding="UTF-8"?>
<!-- Generated by org.testng.reporters.JUnitReportReporter -->
<testsuite hostname="ChannakeshavaReddy" failures="0" tests="1" name="com.crm.example.com.Test" time="0.062" errors="0" timestamp="2024-07-15T15:41:23 IST" skipped="0">
  <testcase classname="com.crm.example.com.Test" name="channa" time="0.062"/>
</testsuite> <!-- com.crm.example.com.Test -->
